<?xml version="1.0" encoding="UTF-8"?>
<testsuite name="testFolder.TestcodeTest" tests="1" skipped="0" failures="0" errors="0" timestamp="2021-12-12T10:17:51" hostname="PARK" time="0.064">
  <properties/>
  <testcase name="깃헙 액션을 위한 성공 테스트" classname="testFolder.TestcodeTest" time="0.064"/>
  <system-out><![CDATA[]]></system-out>
  <system-err><![CDATA[]]></system-err>
</testsuite>
